<?xml version="1.0" encoding="UTF-8"?>
<!-- Generated by org.testng.reporters.JUnitReportReporter -->
<testsuite hostname="Samuels-MacBook-Pro.local" failures="0" tests="2" name="testCases.TC_003_LoginDataDrivenTest" time="20.787" errors="0" timestamp="2023-06-12T19:42:09 WAT" skipped="0">
  <testcase classname="testCases.TC_003_LoginDataDrivenTest" name="test_logindatadriven" time="10.456"/>
  <system-out/>
  <testcase classname="testCases.TC_003_LoginDataDrivenTest" name="test_logindatadriven" time="10.331"/>
  <system-out/>
</testsuite> <!-- testCases.TC_003_LoginDataDrivenTest -->
