<?xml version="1.0" encoding="UTF-8"?>
<!-- Generated by org.testng.reporters.JUnitReportReporter -->
<testsuite hostname="Samuels-MacBook-Pro.local" failures="0" tests="1" name="testCases.TC_002_LoginTest" time="0.404" errors="0" timestamp="2023-06-15T16:34:59 WAT" skipped="0">
  <testcase classname="testCases.TC_002_LoginTest" name="test_login" time="0.404"/>
  <system-out/>
</testsuite> <!-- testCases.TC_002_LoginTest -->
