<?xml version="1.0" encoding="UTF-8"?>
<!-- Generated by org.testng.reporters.JUnitReportReporter -->
<testsuite hostname="Samuels-MacBook-Pro.local" failures="0" tests="1" name="testCases.TC_005_AddToCartTest" time="9.707" errors="0" timestamp="2023-06-20T12:35:34 WAT" skipped="0">
  <testcase classname="testCases.TC_005_AddToCartTest" name="addTocart" time="9.707"/>
  <system-out/>
</testsuite> <!-- testCases.TC_005_AddToCartTest -->
