<?xml version="1.0" encoding="UTF-8"?>
<!-- Generated by org.testng.reporters.JUnitReportReporter -->
<testsuite hostname="Samuels-MacBook-Pro.local" failures="0" tests="1" name="testCases.TC_006_EndToEndTest" time="30.725" errors="0" timestamp="2023-06-20T13:20:37 WAT" skipped="0">
  <testcase classname="testCases.TC_006_EndToEndTest" name="endToEnd" time="30.725"/>
  <system-out/>
</testsuite> <!-- testCases.TC_006_EndToEndTest -->
