<?xml version="1.0" encoding="UTF-8"?>
<!-- Generated by org.testng.reporters.JUnitReportReporter -->
<testsuite hostname="Samuels-MacBook-Pro.local" failures="0" tests="1" name="testCases.TC_001_AccountRegistrationTest" time="5.961" errors="0" timestamp="2023-06-13T20:23:09 WAT" skipped="0">
  <testcase classname="testCases.TC_001_AccountRegistrationTest" name="test_account_Registration" time="5.961"/>
</testsuite> <!-- testCases.TC_001_AccountRegistrationTest -->
