<?xml version="1.0" encoding="UTF-8"?>
<!-- Generated by org.testng.reporters.JUnitReportReporter -->
<testsuite hostname="Samuels-MacBook-Pro.local" failures="0" tests="1" name="testCases.TC_004_Search" time="15.914" errors="0" timestamp="2023-06-15T18:38:50 WAT" skipped="0">
  <testcase classname="testCases.TC_004_Search" name="testSearchProduct" time="15.914"/>
</testsuite> <!-- testCases.TC_004_Search -->
